Test Error LoggingTest Error LoggingGet Request Handling
Get Request HandlingPost Request HandlingFailed to verify WebhookPost Request HandlingFailed to verify WebhookPost Request HandlingFailed to verify WebhookPost Request HandlingFailed to verify Webhook
2022-09-14 08:47:46 Get Request Handling
2022-09-14 08:48:37 Get Request Handling
2022-09-14 08:49:04  Post Request Handling
2022-09-14 08:49:04 Failed to verify Webhook
2022-09-14 08:50:09  Post Request Handling
2022-09-14 08:50:09 BlEoxnr2xE36ssEjjQ/go9ZunP7njkZzqtmMYo6CxOQ=
2022-09-14 08:50:09 Failed to verify Webhook
2022-09-14 08:52:01 Get Request Handling
2022-09-14 08:52:40 Post Request Handling
2022-09-14 08:52:40 Dtqufo6R7hJ5C2+QP63lZUSO3bNRf3lY36XFKzksHGE=
2022-09-14 08:52:40 Failed to verify Webhook
2022-09-14 08:54:38 Post Request Handling
2022-09-14 08:54:38 e2N1lhv88EaWFgGoTfjqRcnjR5hwCBxvoB7GG+mwvY0=
2022-09-14 08:54:38 Failed to verify Webhook
2022-09-14 08:57:44 Post Request Handling
2022-09-14 08:57:44 QyCvEt/dsljPqwCVl40oGCEaFlvWiEdduWaXWyX4zy0=
2022-09-14 08:57:44 Failed to verify Webhook
2022-09-14 09:04:36 Post Request Handling
2022-09-14 09:04:36 UcutLdx5kBHaSHpbNBPkWsL91vJP60DKvl8et4lIDiU=
2022-09-14 09:04:36 
2022-09-14 09:04:36 Failed to verify Webhook
2022-09-14 09:11:42 Post Request Handling
2022-09-14 09:11:42 zphuK3PavxprT02MZcSBUXWgYB+OVmeYh5ljzfNGvzY=
2022-09-14 09:11:42 
2022-09-14 09:11:42 Failed to verify Webhook
2022-09-14 09:12:53 Post Request Handling
2022-09-14 09:12:53 2YdzGwP+UGZUhfq7p7OcT1xq5tCk2gSQvfNVfkJD+8w=
2022-09-14 09:12:53 
2022-09-14 09:12:53 
2022-09-14 09:12:53 Failed to verify Webhook
2022-09-14 09:35:59 Post Request Handling
2022-09-14 09:35:59 mGkO/RN6pUrDRgw2U1/I317Ltm9hr58ENJC3QsVjQ6M=
2022-09-14 09:35:59 
2022-09-14 09:35:59 mGkO/RN6pUrDRgw2U1/I317Ltm9hr58ENJC3QsVjQ6M=
2022-09-14 09:35:59 Webhook verified